Started GET "/" for ::1 at 2024-10-09 01:47:29 +0900
  
ActiveRecord::PendingMigrationError (

Migrations are pending. To resolve this issue, run:

        bin/rails db:migrate RAILS_ENV=development

):
  
activerecord (5.2.8.1) lib/active_record/migration.rb:579:in `check_pending!'
activerecord (5.2.8.1) lib/active_record/migration.rb:556:in `call'
actionpack (5.2.8.1) lib/action_dispatch/middleware/callbacks.rb:28:in `block in call'
activesupport (5.2.8.1) lib/active_support/callbacks.rb:98:in `run_callbacks'
actionpack (5.2.8.1) lib/action_dispatch/middleware/callbacks.rb:26:in `call'
actionpack (5.2.8.1) lib/action_dispatch/middleware/executor.rb:14:in `call'
actionpack (5.2.8.1) lib/action_dispatch/middleware/debug_exceptions.rb:61:in `call'
web-console (3.7.0) lib/web_console/middleware.rb:135:in `call_app'
web-console (3.7.0) lib/web_console/middleware.rb:30:in `block in call'
web-console (3.7.0) lib/web_console/middleware.rb:20:in `catch'
web-console (3.7.0) lib/web_console/middleware.rb:20:in `call'
actionpack (5.2.8.1) lib/action_dispatch/middleware/show_exceptions.rb:33:in `call'
railties (5.2.8.1) lib/rails/rack/logger.rb:38:in `call_app'
railties (5.2.8.1) lib/rails/rack/logger.rb:26:in `block in call'
activesupport (5.2.8.1) lib/active_support/tagged_logging.rb:71:in `block in tagged'
activesupport (5.2.8.1) lib/active_support/tagged_logging.rb:28:in `tagged'
activesupport (5.2.8.1) lib/active_support/tagged_logging.rb:71:in `tagged'
railties (5.2.8.1) lib/rails/rack/logger.rb:26:in `call'
sprockets-rails (3.4.2) lib/sprockets/rails/quiet_assets.rb:13:in `call'
actionpack (5.2.8.1) lib/action_dispatch/middleware/remote_ip.rb:81:in `call'
actionpack (5.2.8.1) lib/action_dispatch/middleware/request_id.rb:27:in `call'
rack (2.2.9) lib/rack/method_override.rb:24:in `call'
rack (2.2.9) lib/rack/runtime.rb:22:in `call'
activesupport (5.2.8.1) lib/active_support/cache/strategy/local_cache_middleware.rb:29:in `call'
actionpack (5.2.8.1) lib/action_dispatch/middleware/executor.rb:14:in `call'
actionpack (5.2.8.1) lib/action_dispatch/middleware/static.rb:127:in `call'
rack (2.2.9) lib/rack/sendfile.rb:110:in `call'
railties (5.2.8.1) lib/rails/engine.rb:524:in `call'
puma (3.12.6) lib/puma/configuration.rb:227:in `call'
puma (3.12.6) lib/puma/server.rb:706:in `handle_request'
puma (3.12.6) lib/puma/server.rb:476:in `process_client'
puma (3.12.6) lib/puma/server.rb:334:in `block in run'
puma (3.12.6) lib/puma/thread_pool.rb:135:in `block in spawn_thread'
  [1m[35m (0.0ms)[0m  [1m[34mSELECT sqlite_version(*)[0m
  ↳ bin/rails:4
  [1m[35m (0.5ms)[0m  [1m[35mCREATE TABLE "schema_migrations" ("version" varchar NOT NULL PRIMARY KEY)[0m
  ↳ bin/rails:4
  [1m[35m (0.4ms)[0m  [1m[35mCREATE TABLE "ar_internal_metadata" ("key" varchar NOT NULL PRIMARY KEY, "value" varchar, "created_at" datetime NOT NULL, "updated_at" datetime NOT NULL)[0m
  ↳ bin/rails:4
  [1m[35m (0.0ms)[0m  [1m[34mSELECT "schema_migrations"."version" FROM "schema_migrations" ORDER BY "schema_migrations"."version" ASC[0m
  ↳ bin/rails:4
Migrating to DeviseCreateUsers (20240818091140)
  [1m[35m (0.0ms)[0m  [1m[36mbegin transaction[0m
  ↳ bin/rails:4
  [1m[35m (0.2ms)[0m  [1m[35mCREATE TABLE "users" ("id" integer PRIMARY KEY AUTOINCREMENT NOT NULL, "email" varchar DEFAULT '' NOT NULL, "encrypted_password" varchar DEFAULT '' NOT NULL, "reset_password_token" varchar, "reset_password_sent_at" datetime, "remember_created_at" datetime, "created_at" datetime NOT NULL, "updated_at" datetime NOT NULL)[0m
  ↳ db/migrate/20240818091140_devise_create_users.rb:5
  [1m[35m (0.0ms)[0m  [1m[35mCREATE UNIQUE INDEX "index_users_on_email" ON "users" ("email")[0m
  ↳ db/migrate/20240818091140_devise_create_users.rb:39
  [1m[35m (0.0ms)[0m  [1m[35mCREATE UNIQUE INDEX "index_users_on_reset_password_token" ON "users" ("reset_password_token")[0m
  ↳ db/migrate/20240818091140_devise_create_users.rb:40
  [1m[36mActiveRecord::SchemaMigration Create (0.0ms)[0m  [1m[32mINSERT INTO "schema_migrations" ("version") VALUES (?)[0m  [["version", "20240818091140"]]
  ↳ bin/rails:4
  [1m[35m (0.3ms)[0m  [1m[36mcommit transaction[0m
  ↳ bin/rails:4
Migrating to CreateGoals (20240822141634)
  [1m[35m (0.0ms)[0m  [1m[36mbegin transaction[0m
  ↳ bin/rails:4
  [1m[35m (0.1ms)[0m  [1m[35mCREATE TABLE "goals" ("id" integer PRIMARY KEY AUTOINCREMENT NOT NULL, "title" varchar, "user_id" integer, "created_at" datetime NOT NULL, "updated_at" datetime NOT NULL, CONSTRAINT "fk_rails_c5fd9c8a38"
FOREIGN KEY ("user_id")
  REFERENCES "users" ("id")
)[0m
  ↳ db/migrate/20240822141634_create_goals.rb:3
  [1m[35m (0.0ms)[0m  [1m[35mCREATE  INDEX "index_goals_on_user_id" ON "goals" ("user_id")[0m
  ↳ db/migrate/20240822141634_create_goals.rb:3
  [1m[36mActiveRecord::SchemaMigration Create (0.0ms)[0m  [1m[32mINSERT INTO "schema_migrations" ("version") VALUES (?)[0m  [["version", "20240822141634"]]
  ↳ bin/rails:4
  [1m[35m (0.3ms)[0m  [1m[36mcommit transaction[0m
  ↳ bin/rails:4
Migrating to CreateTodos (20240822141641)
  [1m[35m (0.0ms)[0m  [1m[36mbegin transaction[0m
  ↳ bin/rails:4
  [1m[35m (0.1ms)[0m  [1m[35mCREATE TABLE "todos" ("id" integer PRIMARY KEY AUTOINCREMENT NOT NULL, "content" varchar, "goal_id" integer, "position" integer, "done" boolean DEFAULT 0 NOT NULL, "created_at" datetime NOT NULL, "updated_at" datetime NOT NULL, CONSTRAINT "fk_rails_b109b7ce0d"
FOREIGN KEY ("goal_id")
  REFERENCES "goals" ("id")
)[0m
  ↳ db/migrate/20240822141641_create_todos.rb:3
  [1m[35m (0.0ms)[0m  [1m[35mCREATE  INDEX "index_todos_on_goal_id" ON "todos" ("goal_id")[0m
  ↳ db/migrate/20240822141641_create_todos.rb:3
  [1m[36mActiveRecord::SchemaMigration Create (0.0ms)[0m  [1m[32mINSERT INTO "schema_migrations" ("version") VALUES (?)[0m  [["version", "20240822141641"]]
  ↳ bin/rails:4
  [1m[35m (0.3ms)[0m  [1m[36mcommit transaction[0m
  ↳ bin/rails:4
Migrating to CreateTags (20240825022747)
  [1m[35m (0.0ms)[0m  [1m[36mbegin transaction[0m
  ↳ bin/rails:4
  [1m[35m (0.1ms)[0m  [1m[35mCREATE TABLE "tags" ("id" integer PRIMARY KEY AUTOINCREMENT NOT NULL, "name" varchar, "user_id" integer, "created_at" datetime NOT NULL, "updated_at" datetime NOT NULL, CONSTRAINT "fk_rails_e689f6d0cc"
FOREIGN KEY ("user_id")
  REFERENCES "users" ("id")
)[0m
  ↳ db/migrate/20240825022747_create_tags.rb:3
  [1m[35m (0.0ms)[0m  [1m[35mCREATE  INDEX "index_tags_on_user_id" ON "tags" ("user_id")[0m
  ↳ db/migrate/20240825022747_create_tags.rb:3
  [1m[36mActiveRecord::SchemaMigration Create (0.0ms)[0m  [1m[32mINSERT INTO "schema_migrations" ("version") VALUES (?)[0m  [["version", "20240825022747"]]
  ↳ bin/rails:4
  [1m[35m (0.3ms)[0m  [1m[36mcommit transaction[0m
  ↳ bin/rails:4
Migrating to CreateTodoTags (20240825024202)
  [1m[35m (0.0ms)[0m  [1m[36mbegin transaction[0m
  ↳ bin/rails:4
  [1m[35m (0.2ms)[0m  [1m[35mCREATE TABLE "todo_tags" ("id" integer PRIMARY KEY AUTOINCREMENT NOT NULL, "todo_id" integer, "tag_id" integer, "created_at" datetime NOT NULL, "updated_at" datetime NOT NULL, CONSTRAINT "fk_rails_a37ee945f5"
FOREIGN KEY ("todo_id")
  REFERENCES "todos" ("id")
, CONSTRAINT "fk_rails_9401eeeaaa"
FOREIGN KEY ("tag_id")
  REFERENCES "tags" ("id")
)[0m
  ↳ db/migrate/20240825024202_create_todo_tags.rb:3
  [1m[35m (0.0ms)[0m  [1m[35mCREATE  INDEX "index_todo_tags_on_todo_id" ON "todo_tags" ("todo_id")[0m
  ↳ db/migrate/20240825024202_create_todo_tags.rb:3
  [1m[35m (0.0ms)[0m  [1m[35mCREATE  INDEX "index_todo_tags_on_tag_id" ON "todo_tags" ("tag_id")[0m
  ↳ db/migrate/20240825024202_create_todo_tags.rb:3
  [1m[36mActiveRecord::SchemaMigration Create (0.0ms)[0m  [1m[32mINSERT INTO "schema_migrations" ("version") VALUES (?)[0m  [["version", "20240825024202"]]
  ↳ bin/rails:4
  [1m[35m (0.3ms)[0m  [1m[36mcommit transaction[0m
  ↳ bin/rails:4
  [1m[36mActiveRecord::InternalMetadata Load (0.1ms)[0m  [1m[34mSELECT  "ar_internal_metadata".* FROM "ar_internal_metadata" WHERE "ar_internal_metadata"."key" = ? LIMIT ?[0m  [["key", "environment"], ["LIMIT", 1]]
  ↳ bin/rails:4
  [1m[35m (0.0ms)[0m  [1m[36mbegin transaction[0m
  ↳ bin/rails:4
  [1m[36mActiveRecord::InternalMetadata Create (0.2ms)[0m  [1m[32mINSERT INTO "ar_internal_metadata" ("key", "value", "created_at", "updated_at") VALUES (?, ?, ?, ?)[0m  [["key", "environment"], ["value", "development"], ["created_at", "2024-10-08 16:50:43.968378"], ["updated_at", "2024-10-08 16:50:43.968378"]]
  ↳ bin/rails:4
  [1m[35m (0.3ms)[0m  [1m[36mcommit transaction[0m
  ↳ bin/rails:4
  [1m[35m (0.0ms)[0m  [1m[34mSELECT "schema_migrations"."version" FROM "schema_migrations" ORDER BY "schema_migrations"."version" ASC[0m
  ↳ bin/rails:4
Started GET "/" for ::1 at 2024-10-09 01:51:05 +0900
  [1m[35m (0.1ms)[0m  [1m[34mSELECT "schema_migrations"."version" FROM "schema_migrations" ORDER BY "schema_migrations"."version" ASC[0m
  ↳ /Users/kanairyoutarou/.rbenv/versions/2.7.3/lib/ruby/gems/2.7.0/gems/activerecord-5.2.8.1/lib/active_record/log_subscriber.rb:98
Processing by HomeController#index as HTML
  Rendering home/index.html.erb within layouts/home
  Rendered home/index.html.erb within layouts/home (0.4ms)
  Rendered layouts/_header.html.erb (0.5ms)
  Rendered layouts/_flash.html.erb (0.1ms)
  Rendered layouts/_footer.html.erb (0.1ms)
Completed 200 OK in 2059ms (Views: 2054.2ms | ActiveRecord: 0.0ms)


Started GET "/users/sign_up" for ::1 at 2024-10-09 01:51:16 +0900
Processing by Devise::RegistrationsController#new as HTML
  Rendering devise/registrations/new.html.erb within layouts/devise
  Rendered devise/shared/_error_messages.html.erb (0.5ms)
  Rendered devise/shared/_links.html.erb (0.8ms)
  Rendered devise/registrations/new.html.erb within layouts/devise (26.5ms)
  Rendered layouts/_header.html.erb (0.4ms)
  Rendered layouts/_flash.html.erb (0.1ms)
  Rendered layouts/_footer.html.erb (0.1ms)
Completed 200 OK in 65ms (Views: 53.4ms | ActiveRecord: 1.2ms)


Started GET "/" for ::1 at 2024-10-09 01:51:22 +0900
Processing by HomeController#index as HTML
  Rendering home/index.html.erb within layouts/home
  Rendered home/index.html.erb within layouts/home (0.4ms)
  Rendered layouts/_header.html.erb (0.4ms)
  Rendered layouts/_flash.html.erb (0.1ms)
  Rendered layouts/_footer.html.erb (0.1ms)
Completed 200 OK in 34ms (Views: 32.7ms | ActiveRecord: 0.0ms)


